<?xml version="1.0" encoding="UTF-8"?>
<!-- Generated by org.testng.reporters.JUnitReportReporter -->
<testsuite skipped="0" hostname="Admin-PC" name="ci.integ.selenium.jenkins_demo" tests="1" failures="0" timestamp="21 Jul 2020 16:43:17 GMT" time="56.338" errors="0">
  <testcase name="testGoogleSearch" time="56.338" classname="ci.integ.selenium.jenkins_demo"/>
</testsuite> <!-- ci.integ.selenium.jenkins_demo -->
